<?xml version="1.0" encoding="UTF-8"?>
<testng-results ignored="0" total="1" passed="1" failed="0" skipped="0">
  <reporter-output>
  </reporter-output>
  <suite started-at="2026-05-16T11:01:57 IST" name="Default suite" finished-at="2026-05-16T11:01:58 IST" duration-ms="393">
    <groups>
      <group name="cucumber">
        <method signature="AbstractTestNGCucumberTests.runScenario(io.cucumber.testng.PickleWrapper,io.cucumber.testng.FeatureWrapper)[pri:0, instance:testNGRunner.RunnerFile@24269709]" name="runScenario" class="io.cucumber.testng.AbstractTestNGCucumberTests"/>
      </group> <!-- cucumber -->
    </groups>
    <test started-at="2026-05-16T11:01:57 IST" name="Default test" finished-at="2026-05-16T11:01:58 IST" duration-ms="393">
      <class name="testNGRunner.RunnerFile">
        <test-method is-config="true" signature="setUpClass(org.testng.ITestContext)[pri:0, instance:testNGRunner.RunnerFile@24269709]" started-at="2026-05-16T11:01:57 IST" name="setUpClass" finished-at="2026-05-16T11:01:57 IST" duration-ms="210" status="PASS">
          <params>
            <param index="0">
              <value>
                <![CDATA[org.testng.TestRunner@64a8c844]]>
              </value>
            </param>
          </params>
          <reporter-output>
          </reporter-output>
        </test-method> <!-- setUpClass -->
        <test-method signature="runScenario(io.cucumber.testng.PickleWrapper,io.cucumber.testng.FeatureWrapper)[pri:0, instance:testNGRunner.RunnerFile@24269709]" started-at="2026-05-16T11:01:57 IST" name="runScenario" description="Runs Cucumber Scenarios" data-provider="scenarios" finished-at="2026-05-16T11:01:58 IST" duration-ms="131" status="PASS">
          <params>
            <param index="0">
              <value>
                <![CDATA["A product from home is there in top deals page"]]>
              </value>
            </param>
            <param index="1">
              <value>
                <![CDATA["Top deals matches with applicable items in home page"]]>
              </value>
            </param>
          </params>
          <reporter-output>
          </reporter-output>
        </test-method> <!-- runScenario -->
        <test-method is-config="true" signature="tearDownClass()[pri:0, instance:testNGRunner.RunnerFile@24269709]" started-at="2026-05-16T11:01:58 IST" name="tearDownClass" finished-at="2026-05-16T11:01:58 IST" duration-ms="2" status="PASS">
          <reporter-output>
          </reporter-output>
        </test-method> <!-- tearDownClass -->
      </class> <!-- testNGRunner.RunnerFile -->
    </test> <!-- Default test -->
  </suite> <!-- Default suite -->
</testng-results>
