<?xml version="1.0" encoding="UTF-8"?>
<testng-results ignored="0" total="1" passed="1" failed="0" skipped="0">
  <reporter-output>
  </reporter-output>
  <suite started-at="2026-05-20T19:22:49 IST" name="Default suite" finished-at="2026-05-20T19:22:50 IST" duration-ms="787">
    <groups>
      <group name="cucumber">
        <method signature="AbstractTestNGCucumberTests.runScenario(io.cucumber.testng.PickleWrapper,io.cucumber.testng.FeatureWrapper)[pri:0, instance:testNGRunner.RunnerFile@15888343]" name="runScenario" class="io.cucumber.testng.AbstractTestNGCucumberTests"/>
      </group> <!-- cucumber -->
    </groups>
    <test started-at="2026-05-20T19:22:49 IST" name="Default test" finished-at="2026-05-20T19:22:50 IST" duration-ms="787">
      <class name="testNGRunner.RunnerFile">
        <test-method is-config="true" signature="setUpClass(org.testng.ITestContext)[pri:0, instance:testNGRunner.RunnerFile@15888343]" started-at="2026-05-20T19:22:49 IST" name="setUpClass" finished-at="2026-05-20T19:22:50 IST" duration-ms="264" status="PASS">
          <params>
            <param index="0">
              <value>
                <![CDATA[org.testng.TestRunner@26be6ca7]]>
              </value>
            </param>
          </params>
          <reporter-output>
          </reporter-output>
        </test-method> <!-- setUpClass -->
        <test-method signature="runScenario(io.cucumber.testng.PickleWrapper,io.cucumber.testng.FeatureWrapper)[pri:0, instance:testNGRunner.RunnerFile@15888343]" started-at="2026-05-20T19:22:50 IST" name="runScenario" description="Runs Cucumber Scenarios" data-provider="scenarios" finished-at="2026-05-20T19:22:50 IST" duration-ms="421" status="PASS">
          <params>
            <param index="0">
              <value>
                <![CDATA["A product from home is there in top deals page"]]>
              </value>
            </param>
            <param index="1">
              <value>
                <![CDATA["Top deals matches with applicable items in home page"]]>
              </value>
            </param>
          </params>
          <reporter-output>
          </reporter-output>
        </test-method> <!-- runScenario -->
        <test-method is-config="true" signature="tearDownClass()[pri:0, instance:testNGRunner.RunnerFile@15888343]" started-at="2026-05-20T19:22:50 IST" name="tearDownClass" finished-at="2026-05-20T19:22:50 IST" duration-ms="9" status="PASS">
          <reporter-output>
          </reporter-output>
        </test-method> <!-- tearDownClass -->
      </class> <!-- testNGRunner.RunnerFile -->
    </test> <!-- Default test -->
  </suite> <!-- Default suite -->
</testng-results>
